d:\aptech\1c_p\reviewcp2026\lesson03_conditional-loop\lesson03.2ffc0d28\x64\debug\vc143.pdb
d:\aptech\1c_p\reviewcp2026\lesson03_conditional-loop\lesson03.2ffc0d28\x64\debug\vc143.idb
d:\aptech\1c_p\reviewcp2026\lesson03_conditional-loop\lesson03.2ffc0d28\x64\debug\main.obj
d:\aptech\1c_p\reviewcp2026\lesson03_conditional-loop\lesson03.2ffc0d28\x64\debug\ex07_sum1ton.obj
d:\aptech\1c_p\reviewcp2026\lesson03_conditional-loop\lesson03.2ffc0d28\x64\debug\ex06_gradesystem.obj
d:\aptech\1c_p\reviewcp2026\lesson03_conditional-loop\lesson03.2ffc0d28\x64\debug\ex05_multiplicationtable.obj
d:\aptech\1c_p\reviewcp2026\lesson03_conditional-loop\lesson03.2ffc0d28\x64\debug\ex04_findpair.obj
d:\aptech\1c_p\reviewcp2026\lesson03_conditional-loop\lesson03.2ffc0d28\x64\debug\ex03_primecheck.obj
d:\aptech\1c_p\reviewcp2026\lesson03_conditional-loop\lesson03.2ffc0d28\x64\debug\ex01_conditionalloop_breakcontinue.obj
d:\aptech\1c_p\reviewcp2026\lesson03_conditional-loop\lesson03.2ffc0d28\x64\debug\ex02_evenodd.obj
d:\aptech\1c_p\reviewcp2026\lesson03_conditional-loop\x64\debug\lesson03_conditional-loop.pdb
d:\aptech\1c_p\reviewcp2026\lesson03_conditional-loop\lesson03.2ffc0d28\x64\debug\lesson03.2ffc0d28.tlog\cl.command.1.tlog
d:\aptech\1c_p\reviewcp2026\lesson03_conditional-loop\lesson03.2ffc0d28\x64\debug\lesson03.2ffc0d28.tlog\cl.read.1.tlog
d:\aptech\1c_p\reviewcp2026\lesson03_conditional-loop\lesson03.2ffc0d28\x64\debug\lesson03.2ffc0d28.tlog\cl.write.1.tlog
d:\aptech\1c_p\reviewcp2026\lesson03_conditional-loop\lesson03.2ffc0d28\x64\debug\lesson03.2ffc0d28.tlog\link-cvtres.read.1.tlog
d:\aptech\1c_p\reviewcp2026\lesson03_conditional-loop\lesson03.2ffc0d28\x64\debug\lesson03.2ffc0d28.tlog\link-cvtres.write.1.tlog
d:\aptech\1c_p\reviewcp2026\lesson03_conditional-loop\lesson03.2ffc0d28\x64\debug\lesson03.2ffc0d28.tlog\link-rc.read.1.tlog
d:\aptech\1c_p\reviewcp2026\lesson03_conditional-loop\lesson03.2ffc0d28\x64\debug\lesson03.2ffc0d28.tlog\link-rc.write.1.tlog
d:\aptech\1c_p\reviewcp2026\lesson03_conditional-loop\lesson03.2ffc0d28\x64\debug\lesson03.2ffc0d28.tlog\link.command.1.tlog
d:\aptech\1c_p\reviewcp2026\lesson03_conditional-loop\lesson03.2ffc0d28\x64\debug\lesson03.2ffc0d28.tlog\link.read.1.tlog
d:\aptech\1c_p\reviewcp2026\lesson03_conditional-loop\lesson03.2ffc0d28\x64\debug\lesson03.2ffc0d28.tlog\link.read.2.tlog
d:\aptech\1c_p\reviewcp2026\lesson03_conditional-loop\lesson03.2ffc0d28\x64\debug\lesson03.2ffc0d28.tlog\link.write.1.tlog
